This is pdfTeX, Version 3.1415926-2.5-1.40.14 (TeX Live 2013/Debian) (format=pdflatex 2015.4.8)  21 APR 2015 10:37
entering extended mode
 restricted \write18 enabled.
 %&-line parsing enabled.
**documentation.tex
(./documentation.tex
LaTeX2e <2011/06/27>
Babel <3.9h> and hyphenation patterns for 78 languages loaded.
(/usr/share/texlive/texmf-dist/tex/latex/base/article.cls
Document Class: article 2007/10/19 v1.4h Standard LaTeX document class
(/usr/share/texlive/texmf-dist/tex/latex/base/size10.clo
File: size10.clo 2007/10/19 v1.4h Standard LaTeX file (size option)
)
\c@part=\count79
\c@section=\count80
\c@subsection=\count81
\c@subsubsection=\count82
\c@paragraph=\count83
\c@subparagraph=\count84
\c@figure=\count85
\c@table=\count86
\abovecaptionskip=\skip41
\belowcaptionskip=\skip42
\bibindent=\dimen102
)
(/usr/share/texlive/texmf-dist/tex/latex/geometry/geometry.sty
Package: geometry 2010/09/12 v5.6 Page Geometry

(/usr/share/texlive/texmf-dist/tex/latex/graphics/keyval.sty
Package: keyval 1999/03/16 v1.13 key=value parser (DPC)
\KV@toks@=\toks14
)
(/usr/share/texlive/texmf-dist/tex/generic/oberdiek/ifpdf.sty
Package: ifpdf 2011/01/30 v2.3 Provides the ifpdf switch (HO)
Package ifpdf Info: pdfTeX in PDF mode is detected.
)
(/usr/share/texlive/texmf-dist/tex/generic/oberdiek/ifvtex.sty
Package: ifvtex 2010/03/01 v1.5 Detect VTeX and its facilities (HO)
Package ifvtex Info: VTeX not detected.
)
(/usr/share/texlive/texmf-dist/tex/generic/ifxetex/ifxetex.sty
Package: ifxetex 2010/09/12 v0.6 Provides ifxetex conditional
)
\Gm@cnth=\count87
\Gm@cntv=\count88
\c@Gm@tempcnt=\count89
\Gm@bindingoffset=\dimen103
\Gm@wd@mp=\dimen104
\Gm@odd@mp=\dimen105
\Gm@even@mp=\dimen106
\Gm@layoutwidth=\dimen107
\Gm@layoutheight=\dimen108
\Gm@layouthoffset=\dimen109
\Gm@layoutvoffset=\dimen110
\Gm@dimlist=\toks15
)
(/usr/share/texlive/texmf-dist/tex/latex/graphics/graphicx.sty
Package: graphicx 1999/02/16 v1.0f Enhanced LaTeX Graphics (DPC,SPQR)

(/usr/share/texlive/texmf-dist/tex/latex/graphics/graphics.sty
Package: graphics 2009/02/05 v1.0o Standard LaTeX Graphics (DPC,SPQR)

(/usr/share/texlive/texmf-dist/tex/latex/graphics/trig.sty
Package: trig 1999/03/16 v1.09 sin cos tan (DPC)
)
(/usr/share/texlive/texmf-dist/tex/latex/latexconfig/graphics.cfg
File: graphics.cfg 2010/04/23 v1.9 graphics configuration of TeX Live
)
Package graphics Info: Driver file: pdftex.def on input line 91.

(/usr/share/texlive/texmf-dist/tex/latex/pdftex-def/pdftex.def
File: pdftex.def 2011/05/27 v0.06d Graphics/color for pdfTeX

(/usr/share/texlive/texmf-dist/tex/generic/oberdiek/infwarerr.sty
Package: infwarerr 2010/04/08 v1.3 Providing info/warning/error messages (HO)
)
(/usr/share/texlive/texmf-dist/tex/generic/oberdiek/ltxcmds.sty
Package: ltxcmds 2011/11/09 v1.22 LaTeX kernel commands for general use (HO)
)
\Gread@gobject=\count90
))
\Gin@req@height=\dimen111
\Gin@req@width=\dimen112
)
(/usr/share/texlive/texmf-dist/tex/generic/babel/babel.sty
Package: babel 2013/12/03 3.9h The Babel package

(/usr/share/texlive/texmf-dist/tex/generic/babel-english/english.ldf
Language: english 2012/08/20 v3.3p English support from the babel system

(/usr/share/texlive/texmf-dist/tex/generic/babel/babel.def
File: babel.def 2013/12/03 3.9h Babel common definitions
\babel@savecnt=\count91
\U@D=\dimen113
)
\l@canadian = a dialect from \language\l@american 
\l@australian = a dialect from \language\l@british 
\l@newzealand = a dialect from \language\l@british 
))
(/usr/share/texlive/texmf-dist/tex/latex/caption/subcaption.sty
Package: subcaption 2013/02/03 v1.1-62 Sub-captions (AR)

(/usr/share/texlive/texmf-dist/tex/latex/caption/caption.sty
Package: caption 2013/05/02 v3.3-89 Customizing captions (AR)

(/usr/share/texlive/texmf-dist/tex/latex/caption/caption3.sty
Package: caption3 2013/05/02 v1.6-88 caption3 kernel (AR)
Package caption3 Info: TeX engine: e-TeX on input line 57.
\captionmargin=\dimen114
\captionmargin@=\dimen115
\captionwidth=\dimen116
\caption@tempdima=\dimen117
\caption@indent=\dimen118
\caption@parindent=\dimen119
\caption@hangindent=\dimen120
)
\c@ContinuedFloat=\count92
)
\c@subfigure=\count93
\c@subtable=\count94
)
(/usr/share/texlive/texmf-dist/tex/latex/wrapfig/wrapfig.sty
\wrapoverhang=\dimen121
\WF@size=\dimen122
\c@WF@wrappedlines=\count95
\WF@box=\box26
\WF@everypar=\toks16
Package: wrapfig 2003/01/31  v 3.6
)
(/usr/share/texlive/texmf-dist/tex/latex/psnfss/pifont.sty
Package: pifont 2005/04/12 PSNFSS-v9.2a Pi font support (SPQR) 
LaTeX Font Info:    Try loading font information for U+pzd on input line 63.

(/usr/share/texlive/texmf-dist/tex/latex/psnfss/upzd.fd
File: upzd.fd 2001/06/04 font definitions for U/pzd.
)
LaTeX Font Info:    Try loading font information for U+psy on input line 64.

(/usr/share/texlive/texmf-dist/tex/latex/psnfss/upsy.fd
File: upsy.fd 2001/06/04 font definitions for U/psy.
))
(/usr/share/texmf/tex/latex/pgf/frontendlayer/tikz.sty
(/usr/share/texmf/tex/latex/pgf/basiclayer/pgf.sty
(/usr/share/texmf/tex/latex/pgf/utilities/pgfrcs.sty
(/usr/share/texmf/tex/generic/pgf/utilities/pgfutil-common.tex
\pgfutil@everybye=\toks17
)
(/usr/share/texmf/tex/generic/pgf/utilities/pgfutil-latex.def
\pgfutil@abb=\box27

(/usr/share/texlive/texmf-dist/tex/latex/ms/everyshi.sty
Package: everyshi 2001/05/15 v3.00 EveryShipout Package (MS)
))
(/usr/share/texmf/tex/generic/pgf/utilities/pgfrcs.code.tex
Package: pgfrcs 2010/10/25 v2.10 (rcs-revision 1.24)
))
Package: pgf 2008/01/15 v2.10 (rcs-revision 1.12)

(/usr/share/texmf/tex/latex/pgf/basiclayer/pgfcore.sty
(/usr/share/texmf/tex/latex/pgf/systemlayer/pgfsys.sty
(/usr/share/texmf/tex/generic/pgf/systemlayer/pgfsys.code.tex
Package: pgfsys 2010/06/30 v2.10 (rcs-revision 1.37)

(/usr/share/texmf/tex/generic/pgf/utilities/pgfkeys.code.tex
\pgfkeys@pathtoks=\toks18
\pgfkeys@temptoks=\toks19

(/usr/share/texmf/tex/generic/pgf/utilities/pgfkeysfiltered.code.tex
\pgfkeys@tmptoks=\toks20
))
\pgf@x=\dimen123
\pgf@y=\dimen124
\pgf@xa=\dimen125
\pgf@ya=\dimen126
\pgf@xb=\dimen127
\pgf@yb=\dimen128
\pgf@xc=\dimen129
\pgf@yc=\dimen130
\w@pgf@writea=\write3
\r@pgf@reada=\read1
\c@pgf@counta=\count96
\c@pgf@countb=\count97
\c@pgf@countc=\count98
\c@pgf@countd=\count99

(/usr/share/texmf/tex/generic/pgf/systemlayer/pgf.cfg
File: pgf.cfg 2008/05/14  (rcs-revision 1.7)
)
Package pgfsys Info: Driver file for pgf: pgfsys-pdftex.def on input line 900.

(/usr/share/texmf/tex/generic/pgf/systemlayer/pgfsys-pdftex.def
File: pgfsys-pdftex.def 2009/05/22  (rcs-revision 1.26)

(/usr/share/texmf/tex/generic/pgf/systemlayer/pgfsys-common-pdf.def
File: pgfsys-common-pdf.def 2008/05/19  (rcs-revision 1.10)
)))
(/usr/share/texmf/tex/generic/pgf/systemlayer/pgfsyssoftpath.code.tex
File: pgfsyssoftpath.code.tex 2008/07/18  (rcs-revision 1.7)
\pgfsyssoftpath@smallbuffer@items=\count100
\pgfsyssoftpath@bigbuffer@items=\count101
)
(/usr/share/texmf/tex/generic/pgf/systemlayer/pgfsysprotocol.code.tex
File: pgfsysprotocol.code.tex 2006/10/16  (rcs-revision 1.4)
))
(/usr/share/texmf/tex/latex/xcolor/xcolor.sty
Package: xcolor 2007/01/21 v2.11 LaTeX color extensions (UK)

(/usr/share/texlive/texmf-dist/tex/latex/latexconfig/color.cfg
File: color.cfg 2007/01/18 v1.5 color configuration of teTeX/TeXLive
)
Package xcolor Info: Driver file: pdftex.def on input line 225.
Package xcolor Info: Model `cmy' substituted by `cmy0' on input line 1337.
Package xcolor Info: Model `hsb' substituted by `rgb' on input line 1341.
Package xcolor Info: Model `RGB' extended on input line 1353.
Package xcolor Info: Model `HTML' substituted by `rgb' on input line 1355.
Package xcolor Info: Model `Hsb' substituted by `hsb' on input line 1356.
Package xcolor Info: Model `tHsb' substituted by `hsb' on input line 1357.
Package xcolor Info: Model `HSB' substituted by `hsb' on input line 1358.
Package xcolor Info: Model `Gray' substituted by `gray' on input line 1359.
Package xcolor Info: Model `wave' substituted by `hsb' on input line 1360.
)
(/usr/share/texmf/tex/generic/pgf/basiclayer/pgfcore.code.tex
Package: pgfcore 2010/04/11 v2.10 (rcs-revision 1.7)

(/usr/share/texmf/tex/generic/pgf/math/pgfmath.code.tex
(/usr/share/texmf/tex/generic/pgf/math/pgfmathcalc.code.tex
(/usr/share/texmf/tex/generic/pgf/math/pgfmathutil.code.tex)
(/usr/share/texmf/tex/generic/pgf/math/pgfmathparser.code.tex
\pgfmath@dimen=\dimen131
\pgfmath@count=\count102
\pgfmath@box=\box28
\pgfmath@toks=\toks21
\pgfmath@stack@operand=\toks22
\pgfmath@stack@operation=\toks23
)
(/usr/share/texmf/tex/generic/pgf/math/pgfmathfunctions.code.tex
(/usr/share/texmf/tex/generic/pgf/math/pgfmathfunctions.basic.code.tex)
(/usr/share/texmf/tex/generic/pgf/math/pgfmathfunctions.trigonometric.code.tex)
(/usr/share/texmf/tex/generic/pgf/math/pgfmathfunctions.random.code.tex)
(/usr/share/texmf/tex/generic/pgf/math/pgfmathfunctions.comparison.code.tex)
(/usr/share/texmf/tex/generic/pgf/math/pgfmathfunctions.base.code.tex)
(/usr/share/texmf/tex/generic/pgf/math/pgfmathfunctions.round.code.tex)
(/usr/share/texmf/tex/generic/pgf/math/pgfmathfunctions.misc.code.tex)))
(/usr/share/texmf/tex/generic/pgf/math/pgfmathfloat.code.tex
\c@pgfmathroundto@lastzeros=\count103
))
(/usr/share/texmf/tex/generic/pgf/basiclayer/pgfcorepoints.code.tex
File: pgfcorepoints.code.tex 2010/04/09  (rcs-revision 1.20)
\pgf@picminx=\dimen132
\pgf@picmaxx=\dimen133
\pgf@picminy=\dimen134
\pgf@picmaxy=\dimen135
\pgf@pathminx=\dimen136
\pgf@pathmaxx=\dimen137
\pgf@pathminy=\dimen138
\pgf@pathmaxy=\dimen139
\pgf@xx=\dimen140
\pgf@xy=\dimen141
\pgf@yx=\dimen142
\pgf@yy=\dimen143
\pgf@zx=\dimen144
\pgf@zy=\dimen145
)
(/usr/share/texmf/tex/generic/pgf/basiclayer/pgfcorepathconstruct.code.tex
File: pgfcorepathconstruct.code.tex 2010/08/03  (rcs-revision 1.24)
\pgf@path@lastx=\dimen146
\pgf@path@lasty=\dimen147
)
(/usr/share/texmf/tex/generic/pgf/basiclayer/pgfcorepathusage.code.tex
File: pgfcorepathusage.code.tex 2008/04/22  (rcs-revision 1.12)
\pgf@shorten@end@additional=\dimen148
\pgf@shorten@start@additional=\dimen149
)
(/usr/share/texmf/tex/generic/pgf/basiclayer/pgfcorescopes.code.tex
File: pgfcorescopes.code.tex 2010/09/08  (rcs-revision 1.34)
\pgfpic=\box29
\pgf@hbox=\box30
\pgf@layerbox@main=\box31
\pgf@picture@serial@count=\count104
)
(/usr/share/texmf/tex/generic/pgf/basiclayer/pgfcoregraphicstate.code.tex
File: pgfcoregraphicstate.code.tex 2008/04/22  (rcs-revision 1.9)
\pgflinewidth=\dimen150
)
(/usr/share/texmf/tex/generic/pgf/basiclayer/pgfcoretransformations.code.tex
File: pgfcoretransformations.code.tex 2009/06/10  (rcs-revision 1.11)
\pgf@pt@x=\dimen151
\pgf@pt@y=\dimen152
\pgf@pt@temp=\dimen153
)
(/usr/share/texmf/tex/generic/pgf/basiclayer/pgfcorequick.code.tex
File: pgfcorequick.code.tex 2008/10/09  (rcs-revision 1.3)
)
(/usr/share/texmf/tex/generic/pgf/basiclayer/pgfcoreobjects.code.tex
File: pgfcoreobjects.code.tex 2006/10/11  (rcs-revision 1.2)
)
(/usr/share/texmf/tex/generic/pgf/basiclayer/pgfcorepathprocessing.code.tex
File: pgfcorepathprocessing.code.tex 2008/10/09  (rcs-revision 1.8)
)
(/usr/share/texmf/tex/generic/pgf/basiclayer/pgfcorearrows.code.tex
File: pgfcorearrows.code.tex 2008/04/23  (rcs-revision 1.11)
)
(/usr/share/texmf/tex/generic/pgf/basiclayer/pgfcoreshade.code.tex
File: pgfcoreshade.code.tex 2008/11/23  (rcs-revision 1.13)
\pgf@max=\dimen154
\pgf@sys@shading@range@num=\count105
)
(/usr/share/texmf/tex/generic/pgf/basiclayer/pgfcoreimage.code.tex
File: pgfcoreimage.code.tex 2010/03/25  (rcs-revision 1.16)

(/usr/share/texmf/tex/generic/pgf/basiclayer/pgfcoreexternal.code.tex
File: pgfcoreexternal.code.tex 2010/09/01  (rcs-revision 1.17)
\pgfexternal@startupbox=\box32
))
(/usr/share/texmf/tex/generic/pgf/basiclayer/pgfcorelayers.code.tex
File: pgfcorelayers.code.tex 2010/08/27  (rcs-revision 1.2)
)
(/usr/share/texmf/tex/generic/pgf/basiclayer/pgfcoretransparency.code.tex
File: pgfcoretransparency.code.tex 2008/01/17  (rcs-revision 1.2)
)
(/usr/share/texmf/tex/generic/pgf/basiclayer/pgfcorepatterns.code.tex
File: pgfcorepatterns.code.tex 2009/07/02  (rcs-revision 1.3)
)))
(/usr/share/texmf/tex/generic/pgf/modules/pgfmoduleshapes.code.tex
File: pgfmoduleshapes.code.tex 2010/09/09  (rcs-revision 1.13)
\pgfnodeparttextbox=\box33
)
(/usr/share/texmf/tex/generic/pgf/modules/pgfmoduleplot.code.tex
File: pgfmoduleplot.code.tex 2010/10/22  (rcs-revision 1.8)
)
(/usr/share/texmf/tex/latex/pgf/compatibility/pgfcomp-version-0-65.sty
Package: pgfcomp-version-0-65 2007/07/03 v2.10 (rcs-revision 1.7)
\pgf@nodesepstart=\dimen155
\pgf@nodesepend=\dimen156
)
(/usr/share/texmf/tex/latex/pgf/compatibility/pgfcomp-version-1-18.sty
Package: pgfcomp-version-1-18 2007/07/23 v2.10 (rcs-revision 1.1)
))
(/usr/share/texmf/tex/latex/pgf/utilities/pgffor.sty
(/usr/share/texmf/tex/latex/pgf/utilities/pgfkeys.sty
(/usr/share/texmf/tex/generic/pgf/utilities/pgfkeys.code.tex))
(/usr/share/texmf/tex/generic/pgf/utilities/pgffor.code.tex
Package: pgffor 2010/03/23 v2.10 (rcs-revision 1.18)
\pgffor@iter=\dimen157
\pgffor@skip=\dimen158
\pgffor@stack=\toks24
\pgffor@toks=\toks25
))
(/usr/share/texmf/tex/generic/pgf/frontendlayer/tikz/tikz.code.tex
Package: tikz 2010/10/13 v2.10 (rcs-revision 1.76)

(/usr/share/texmf/tex/generic/pgf/libraries/pgflibraryplothandlers.code.tex
File: pgflibraryplothandlers.code.tex 2010/05/31 v2.10 (rcs-revision 1.15)
\pgf@plot@mark@count=\count106
\pgfplotmarksize=\dimen159
)
\tikz@lastx=\dimen160
\tikz@lasty=\dimen161
\tikz@lastxsaved=\dimen162
\tikz@lastysaved=\dimen163
\tikzleveldistance=\dimen164
\tikzsiblingdistance=\dimen165
\tikz@figbox=\box34
\tikz@tempbox=\box35
\tikztreelevel=\count107
\tikznumberofchildren=\count108
\tikznumberofcurrentchild=\count109
\tikz@fig@count=\count110

(/usr/share/texmf/tex/generic/pgf/modules/pgfmodulematrix.code.tex
File: pgfmodulematrix.code.tex 2010/08/24  (rcs-revision 1.4)
\pgfmatrixcurrentrow=\count111
\pgfmatrixcurrentcolumn=\count112
\pgf@matrix@numberofcolumns=\count113
)
\tikz@expandcount=\count114

(/usr/share/texmf/tex/generic/pgf/frontendlayer/tikz/libraries/tikzlibrarytopat
hs.code.tex
File: tikzlibrarytopaths.code.tex 2008/06/17 v2.10 (rcs-revision 1.2)
)))
(/usr/share/texmf/tex/generic/pgf/frontendlayer/tikz/libraries/tikzlibraryarrow
s.code.tex
File: tikzlibraryarrows.code.tex 2008/01/09 v2.10 (rcs-revision 1.1)

(/usr/share/texmf/tex/generic/pgf/libraries/pgflibraryarrows.code.tex
File: pgflibraryarrows.code.tex 2008/10/27 v2.10 (rcs-revision 1.9)
\arrowsize=\dimen166
))
(/usr/share/texmf/tex/generic/pgf/frontendlayer/tikz/libraries/tikzlibraryposit
ioning.code.tex
File: tikzlibrarypositioning.code.tex 2008/10/06 v2.10 (rcs-revision 1.7)
)
(/usr/share/texmf/tex/generic/pgf/frontendlayer/tikz/libraries/tikzlibraryshape
s.geometric.code.tex
File: tikzlibraryshapes.geometric.code.tex 2008/01/09 v2.10 (rcs-revision 1.1)

(/usr/share/texmf/tex/generic/pgf/libraries/shapes/pgflibraryshapes.geometric.c
ode.tex
File: pgflibraryshapes.geometric.code.tex 2008/06/26 v2.10 (rcs-revision 1.1)
))
(/usr/share/texmf/tex/generic/pgf/frontendlayer/tikz/libraries/tikzlibrarycalc.
code.tex
File: tikzlibrarycalc.code.tex 2009/09/04 v2.10 (rcs-revision 1.6)
)
(/usr/share/texmf/tex/generic/pgf/frontendlayer/tikz/libraries/tikzlibraryshado
ws.code.tex
File: tikzlibraryshadows.code.tex 2008/01/13 v2.10 (rcs-revision 1.3)

(/usr/share/texmf/tex/generic/pgf/frontendlayer/tikz/libraries/tikzlibraryfadin
gs.code.tex
File: tikzlibraryfadings.code.tex 2009/11/15 v2.10 (rcs-revision 1.2)

(/usr/share/texmf/tex/generic/pgf/libraries/pgflibraryfadings.code.tex
File: pgflibraryfadings.code.tex 2008/02/07 v2.10 (rcs-revision 1.3)
)))
(/usr/share/texmf/tex/generic/pgf/frontendlayer/tikz/libraries/tikzlibrarydecor
ations.pathreplacing.code.tex
(/usr/share/texmf/tex/generic/pgf/frontendlayer/tikz/libraries/tikzlibrarydecor
ations.code.tex
(/usr/share/texmf/tex/generic/pgf/modules/pgfmoduledecorations.code.tex
\pgfdecoratedcompleteddistance=\dimen167
\pgfdecoratedremainingdistance=\dimen168
\pgfdecoratedinputsegmentcompleteddistance=\dimen169
\pgfdecoratedinputsegmentremainingdistance=\dimen170
\pgf@decorate@distancetomove=\dimen171
\pgf@decorate@repeatstate=\count115
\pgfdecorationsegmentamplitude=\dimen172
\pgfdecorationsegmentlength=\dimen173
)
\tikz@lib@dec@box=\box36
)
(/usr/share/texmf/tex/generic/pgf/libraries/decorations/pgflibrarydecorations.p
athreplacing.code.tex))
(/usr/share/texmf/tex/generic/pgf/frontendlayer/tikz/libraries/tikzlibrarypatte
rns.code.tex
File: tikzlibrarypatterns.code.tex 2008/01/15 v2.10 (rcs-revision 1.2)

(/usr/share/texmf/tex/generic/pgf/libraries/pgflibrarypatterns.code.tex
File: pgflibrarypatterns.code.tex 2008/03/03 v2.10 (rcs-revision 1.13)
))
(/usr/share/texlive/texmf-dist/tex/latex/hobby/tikzlibraryhobby.code.tex
(/usr/share/texlive/texmf-dist/tex/latex/hobby/pgflibraryhobby.code.tex
(/usr/share/texlive/texmf-dist/tex/latex/hobby/hobby.code.tex
(/usr/share/texlive/texmf-dist/tex/latex/l3kernel/expl3.sty
(/usr/share/texlive/texmf-dist/tex/latex/l3kernel/l3names.sty
(/usr/share/texlive/texmf-dist/tex/latex/l3kernel/l3bootstrap.sty
Package: l3bootstrap 2014/01/04 v4640 L3 Experimental bootstrap code
)
Package: l3names 2014/01/04 v4640 L3 Namespace for primitives
)
(/usr/share/texlive/texmf-dist/tex/latex/etex-pkg/etex.sty
Package: etex 1998/03/26 v2.0 eTeX basic definition package (PEB)
\et@xins=\count116
)
Package: expl3 2014/01/07 v4646 L3 Experimental code bundle wrapper

(/usr/share/texlive/texmf-dist/tex/latex/l3kernel/l3basics.sty
Package: l3basics 2014/01/04 v4642 L3 Basic definitions
)
(/usr/share/texlive/texmf-dist/tex/latex/l3kernel/l3expan.sty
Package: l3expan 2014/01/04 v4642 L3 Argument expansion
)
(/usr/share/texlive/texmf-dist/tex/latex/l3kernel/l3tl.sty
Package: l3tl 2013/12/27 v4625 L3 Token lists
)
(/usr/share/texlive/texmf-dist/tex/latex/l3kernel/l3seq.sty
Package: l3seq 2013/12/14 v4623 L3 Sequences and stacks
)
(/usr/share/texlive/texmf-dist/tex/latex/l3kernel/l3int.sty
Package: l3int 2013/08/02 v4583 L3 Integers
\c_max_int=\count117
\l_tmpa_int=\count118
\l_tmpb_int=\count119
\g_tmpa_int=\count120
\g_tmpb_int=\count121
)
(/usr/share/texlive/texmf-dist/tex/latex/l3kernel/l3quark.sty
Package: l3quark 2013/12/14 v4623 L3 Quarks
)
(/usr/share/texlive/texmf-dist/tex/latex/l3kernel/l3prg.sty
Package: l3prg 2014/01/04 v4642 L3 Control structures
\g__prg_map_int=\count122
)
(/usr/share/texlive/texmf-dist/tex/latex/l3kernel/l3clist.sty
Package: l3clist 2013/07/28 v4581 L3 Comma separated lists
)
(/usr/share/texlive/texmf-dist/tex/latex/l3kernel/l3token.sty
Package: l3token 2013/08/25 v4587 L3 Experimental token manipulation
)
(/usr/share/texlive/texmf-dist/tex/latex/l3kernel/l3prop.sty
Package: l3prop 2013/12/14 v4623 L3 Property lists
)
(/usr/share/texlive/texmf-dist/tex/latex/l3kernel/l3msg.sty
Package: l3msg 2013/07/28 v4581 L3 Messages
)
(/usr/share/texlive/texmf-dist/tex/latex/l3kernel/l3file.sty
Package: l3file 2013/10/13 v4596 L3 File and I/O operations
\l_iow_line_count_int=\count123
\l__iow_target_count_int=\count124
\l__iow_current_line_int=\count125
\l__iow_current_word_int=\count126
\l__iow_current_indentation_int=\count127
)
(/usr/share/texlive/texmf-dist/tex/latex/l3kernel/l3skip.sty
Package: l3skip 2013/07/28 v4581 L3 Dimensions and skips
\c_zero_dim=\dimen174
\c_max_dim=\dimen175
\l_tmpa_dim=\dimen176
\l_tmpb_dim=\dimen177
\g_tmpa_dim=\dimen178
\g_tmpb_dim=\dimen179
\c_zero_skip=\skip43
\c_max_skip=\skip44
\l_tmpa_skip=\skip45
\l_tmpb_skip=\skip46
\g_tmpa_skip=\skip47
\g_tmpb_skip=\skip48
\c_zero_muskip=\muskip10
\c_max_muskip=\muskip11
\l_tmpa_muskip=\muskip12
\l_tmpb_muskip=\muskip13
\g_tmpa_muskip=\muskip14
\g_tmpb_muskip=\muskip15
)
(/usr/share/texlive/texmf-dist/tex/latex/l3kernel/l3keys.sty
Package: l3keys 2013/12/08 v4614 L3 Experimental key-value interfaces
\g__keyval_level_int=\count128
\l_keys_choice_int=\count129
)
(/usr/share/texlive/texmf-dist/tex/latex/l3kernel/l3fp.sty
Package: l3fp 2014/01/04 v4642 L3 Floating points
\c__fp_leading_shift_int=\count130
\c__fp_middle_shift_int=\count131
\c__fp_trailing_shift_int=\count132
\c__fp_big_leading_shift_int=\count133
\c__fp_big_middle_shift_int=\count134
\c__fp_big_trailing_shift_int=\count135
\c__fp_Bigg_leading_shift_int=\count136
\c__fp_Bigg_middle_shift_int=\count137
\c__fp_Bigg_trailing_shift_int=\count138
)
(/usr/share/texlive/texmf-dist/tex/latex/l3kernel/l3box.sty
Package: l3box 2013/07/28 v4581 L3 Experimental boxes
\c_empty_box=\box37
\l_tmpa_box=\box38
\l_tmpb_box=\box39
\g_tmpa_box=\box40
\g_tmpb_box=\box41
)
(/usr/share/texlive/texmf-dist/tex/latex/l3kernel/l3coffins.sty
Package: l3coffins 2013/12/14 v4624 L3 Coffin code layer
\l__coffin_internal_box=\box42
\l__coffin_internal_dim=\dimen180
\l__coffin_offset_x_dim=\dimen181
\l__coffin_offset_y_dim=\dimen182
\l__coffin_x_dim=\dimen183
\l__coffin_y_dim=\dimen184
\l__coffin_x_prime_dim=\dimen185
\l__coffin_y_prime_dim=\dimen186
\c_empty_coffin=\box43
\l__coffin_aligned_coffin=\box44
\l__coffin_aligned_internal_coffin=\box45
\l_tmpa_coffin=\box46
\l_tmpb_coffin=\box47
\l__coffin_display_coffin=\box48
\l__coffin_display_coord_coffin=\box49
\l__coffin_display_pole_coffin=\box50
\l__coffin_display_offset_dim=\dimen187
\l__coffin_display_x_dim=\dimen188
\l__coffin_display_y_dim=\dimen189
)
(/usr/share/texlive/texmf-dist/tex/latex/l3kernel/l3color.sty
Package: l3color 2012/08/29 v4156 L3 Experimental color support
)
(/usr/share/texlive/texmf-dist/tex/latex/l3kernel/l3luatex.sty
Package: l3luatex 2013/07/28 v4581 L3 Experimental LuaTeX-specific functions
\g__cctab_allocate_int=\count139
\g__cctab_stack_int=\count140
)
(/usr/share/texlive/texmf-dist/tex/latex/l3kernel/l3candidates.sty
Package: l3candidates 2014/01/06 v4643 L3 Experimental additions to l3kernel
\l__box_top_dim=\dimen190
\l__box_bottom_dim=\dimen191
\l__box_left_dim=\dimen192
\l__box_right_dim=\dimen193
\l__box_top_new_dim=\dimen194
\l__box_bottom_new_dim=\dimen195
\l__box_left_new_dim=\dimen196
\l__box_right_new_dim=\dimen197
\l__box_internal_box=\box51
\l__coffin_bounding_shift_dim=\dimen198
\l__coffin_left_corner_dim=\dimen199
\l__coffin_right_corner_dim=\dimen200
\l__coffin_bottom_corner_dim=\dimen201
Normal \dimen register pool exhausted, switching to extended pool.
\l__coffin_top_corner_dim=\dimen256
\l__coffin_scaled_total_height_dim=\dimen257
\l__coffin_scaled_width_dim=\dimen258
))
(/usr/share/texlive/texmf-dist/tex/latex/l3packages/xparse/xparse.sty
Package: xparse 2013/12/31 v4634 L3 Experimental document command parser
\l__xparse_current_arg_int=\count141
\l__xparse_m_args_int=\count142
\l__xparse_mandatory_args_int=\count143
\l__xparse_processor_int=\count144
\l__xparse_v_nesting_int=\count145
)
(/usr/share/texlive/texmf-dist/tex/latex/hobby/pml3array.sty
\l_array_base_int=\count146
\l_array_top_int=\count147
\l_array_tmp_int=\count148
\g_array_base_int=\count149
)
.................................................
. LaTeX info: "xparse/define-command"
. 
. Defining document command \hobbyVersion with arg. spec. '' on line 41.
.................................................
.................................................
. LaTeX info: "xparse/define-command"
. 
. Defining document command \hobbyDate with arg. spec. '' on line 45.
.................................................
.................................................
. LaTeX info: "xparse/define-command"
. 
. Defining document command \HobbyDisableAux with arg. spec. '' on line 59.
.................................................
\l_hobby_npoints_int=\count150
\l_hobby_draw_int=\count151
.................................................
. LaTeX info: "xparse/define-command"
. 
. Defining document command \hobbyinit with arg. spec. 'mmm' on line 669.
.................................................
.................................................
. LaTeX info: "xparse/define-command"
. 
. Defining document command \hobbyaddpoint with arg. spec. 'm' on line 699.
.................................................
.................................................
. LaTeX info: "xparse/define-command"
. 
. Defining document command \hobbysetparams with arg. spec. 'm' on line 705.
.................................................
.................................................
. LaTeX info: "xparse/define-command"
. 
. Defining document command \hobbygenpath with arg. spec. '' on line 721.
.................................................
.................................................
. LaTeX info: "xparse/define-command"
. 
. Defining document command \hobbygenifnecpath with arg. spec. 'm' on line
. 732.
.................................................
.................................................
. LaTeX info: "xparse/define-command"
. 
. Defining document command \hobbygenuseifnecpath with arg. spec. 'm' on line
. 744.
.................................................
.................................................
. LaTeX info: "xparse/define-command"
. 
. Defining document command \hobbyusepath with arg. spec. 'm' on line 748.
.................................................
.................................................
. LaTeX info: "xparse/define-command"
. 
. Defining document command \hobbysavepath with arg. spec. 'm' on line 751.
.................................................
.................................................
. LaTeX info: "xparse/define-command"
. 
. Defining document command \hobbyrestorepath with arg. spec. 'm' on line 756.
.................................................
.................................................
. LaTeX info: "xparse/define-command"
. 
. Defining document command \hobbyshowpath with arg. spec. 'm' on line 761.
.................................................
.................................................
. LaTeX info: "xparse/define-command"
. 
. Defining document command \hobbygenusepath with arg. spec. '' on line 767.
.................................................
.................................................
. LaTeX info: "xparse/define-command"
. 
. Defining document command \hobbyclearpath with arg. spec. '' on line 770.
.................................................
)))
(/usr/share/texlive/texmf-dist/tex/latex/hyperref/hyperref.sty
Package: hyperref 2012/11/06 v6.83m Hypertext links for LaTeX

(/usr/share/texlive/texmf-dist/tex/generic/oberdiek/hobsub-hyperref.sty
Package: hobsub-hyperref 2012/05/28 v1.13 Bundle oberdiek, subset hyperref (HO)


(/usr/share/texlive/texmf-dist/tex/generic/oberdiek/hobsub-generic.sty
Package: hobsub-generic 2012/05/28 v1.13 Bundle oberdiek, subset generic (HO)
Package: hobsub 2012/05/28 v1.13 Construct package bundles (HO)
Package hobsub Info: Skipping package `infwarerr' (already loaded).
Package hobsub Info: Skipping package `ltxcmds' (already loaded).
Package: ifluatex 2010/03/01 v1.3 Provides the ifluatex switch (HO)
Package ifluatex Info: LuaTeX not detected.
Package hobsub Info: Skipping package `ifvtex' (already loaded).
Package: intcalc 2007/09/27 v1.1 Expandable calculations with integers (HO)
Package hobsub Info: Skipping package `ifpdf' (already loaded).
Package: etexcmds 2011/02/16 v1.5 Avoid name clashes with e-TeX commands (HO)
Package etexcmds Info: Could not find \expanded.
(etexcmds)             That can mean that you are not using pdfTeX 1.50 or
(etexcmds)             that some package has redefined \expanded.
(etexcmds)             In the latter case, load this package earlier.
Package: kvsetkeys 2012/04/25 v1.16 Key value parser (HO)
Package: kvdefinekeys 2011/04/07 v1.3 Define keys (HO)
Package: pdftexcmds 2011/11/29 v0.20 Utility functions of pdfTeX for LuaTeX (HO
)
Package pdftexcmds Info: LuaTeX not detected.
Package pdftexcmds Info: \pdf@primitive is available.
Package pdftexcmds Info: \pdf@ifprimitive is available.
Package pdftexcmds Info: \pdfdraftmode found.
Package: pdfescape 2011/11/25 v1.13 Implements pdfTeX's escape features (HO)
Package: bigintcalc 2012/04/08 v1.3 Expandable calculations on big integers (HO
)
Package: bitset 2011/01/30 v1.1 Handle bit-vector datatype (HO)
Package: uniquecounter 2011/01/30 v1.2 Provide unlimited unique counter (HO)
)
Package hobsub Info: Skipping package `hobsub' (already loaded).
Package: letltxmacro 2010/09/02 v1.4 Let assignment for LaTeX macros (HO)
Package: hopatch 2012/05/28 v1.2 Wrapper for package hooks (HO)
Package: xcolor-patch 2011/01/30 xcolor patch
Package: atveryend 2011/06/30 v1.8 Hooks at the very end of document (HO)
Package atveryend Info: \enddocument detected (standard20110627).
Package: atbegshi 2011/10/05 v1.16 At begin shipout hook (HO)
Package: refcount 2011/10/16 v3.4 Data extraction from label references (HO)
Package: hycolor 2011/01/30 v1.7 Color options for hyperref/bookmark (HO)
)
(/usr/share/texlive/texmf-dist/tex/latex/oberdiek/auxhook.sty
Package: auxhook 2011/03/04 v1.3 Hooks for auxiliary files (HO)
)
(/usr/share/texlive/texmf-dist/tex/latex/oberdiek/kvoptions.sty
Package: kvoptions 2011/06/30 v3.11 Key value format for package options (HO)
)
\@linkdim=\dimen259
\Hy@linkcounter=\count152
\Hy@pagecounter=\count153

(/usr/share/texlive/texmf-dist/tex/latex/hyperref/pd1enc.def
File: pd1enc.def 2012/11/06 v6.83m Hyperref: PDFDocEncoding definition (HO)
)
\Hy@SavedSpaceFactor=\count154

(/usr/share/texlive/texmf-dist/tex/latex/latexconfig/hyperref.cfg
File: hyperref.cfg 2002/06/06 v1.2 hyperref configuration of TeXLive
)
Package hyperref Info: Hyper figures OFF on input line 4443.
Package hyperref Info: Link nesting OFF on input line 4448.
Package hyperref Info: Hyper index ON on input line 4451.
Package hyperref Info: Plain pages OFF on input line 4458.
Package hyperref Info: Backreferencing OFF on input line 4463.
Package hyperref Info: Implicit mode ON; LaTeX internals redefined.
Package hyperref Info: Bookmarks ON on input line 4688.
\c@Hy@tempcnt=\count155

(/usr/share/texlive/texmf-dist/tex/latex/url/url.sty
\Urlmuskip=\muskip16
Package: url 2013/09/16  ver 3.4  Verb mode for urls, etc.
)
LaTeX Info: Redefining \url on input line 5041.
\XeTeXLinkMargin=\dimen260
\Fld@menulength=\count156
\Field@Width=\dimen261
\Fld@charsize=\dimen262
Package hyperref Info: Hyper figures OFF on input line 6295.
Package hyperref Info: Link nesting OFF on input line 6300.
Package hyperref Info: Hyper index ON on input line 6303.
Package hyperref Info: backreferencing OFF on input line 6310.
Package hyperref Info: Link coloring OFF on input line 6315.
Package hyperref Info: Link coloring with OCG OFF on input line 6320.
Package hyperref Info: PDF/A mode OFF on input line 6325.
LaTeX Info: Redefining \ref on input line 6365.
LaTeX Info: Redefining \pageref on input line 6369.
\Hy@abspage=\count157
\c@Item=\count158
\c@Hfootnote=\count159
)

Package hyperref Message: Driver (autodetected): hpdftex.

(/usr/share/texlive/texmf-dist/tex/latex/hyperref/hpdftex.def
File: hpdftex.def 2012/11/06 v6.83m Hyperref driver for pdfTeX
\Fld@listcount=\count160
\c@bookmark@seq@number=\count161

(/usr/share/texlive/texmf-dist/tex/latex/oberdiek/rerunfilecheck.sty
Package: rerunfilecheck 2011/04/15 v1.7 Rerun checks for auxiliary files (HO)
Package uniquecounter Info: New unique counter `rerunfilecheck' on input line 2
82.
)
\Hy@SectionHShift=\skip49
)

LaTeX Warning: Unused global option(s):
    [[12pt,DIV14,BCOR12mm,footexclude,headinclude,halfparskip-,openright,cleard
oubleempty,idxtotoc,bibtotoc].

(./documentation.aux

LaTeX Warning: Label `fig_cam' multiply defined.

)
\openout1 = `documentation.aux'.

LaTeX Font Info:    Checking defaults for OML/cmm/m/it on input line 31.
LaTeX Font Info:    ... okay on input line 31.
LaTeX Font Info:    Checking defaults for T1/cmr/m/n on input line 31.
LaTeX Font Info:    ... okay on input line 31.
LaTeX Font Info:    Checking defaults for OT1/cmr/m/n on input line 31.
LaTeX Font Info:    ... okay on input line 31.
LaTeX Font Info:    Checking defaults for OMS/cmsy/m/n on input line 31.
LaTeX Font Info:    ... okay on input line 31.
LaTeX Font Info:    Checking defaults for OMX/cmex/m/n on input line 31.
LaTeX Font Info:    ... okay on input line 31.
LaTeX Font Info:    Checking defaults for U/cmr/m/n on input line 31.
LaTeX Font Info:    ... okay on input line 31.
LaTeX Font Info:    Checking defaults for PD1/pdf/m/n on input line 31.
LaTeX Font Info:    ... okay on input line 31.

*geometry* driver: auto-detecting
*geometry* detected driver: pdftex
*geometry* verbose mode - [ preamble ] result:
* driver: pdftex
* paper: a4paper
* layout: <same size as paper>
* layoutoffset:(h,v)=(0.0pt,0.0pt)
* modes: twoside 
* h-part:(L,W,R)=(56.90552pt, 455.24408pt, 85.35828pt)
* v-part:(T,H,B)=(42.11008pt, 739.77165pt, 63.16512pt)
* \paperwidth=597.50787pt
* \paperheight=845.04684pt
* \textwidth=455.24408pt
* \textheight=739.77165pt
* \oddsidemargin=-15.36447pt
* \evensidemargin=13.08829pt
* \topmargin=-67.15991pt
* \headheight=12.0pt
* \headsep=25.0pt
* \topskip=10.0pt
* \footskip=30.0pt
* \marginparwidth=111.0pt
* \marginparsep=11.0pt
* \columnsep=10.0pt
* \skip\footins=9.0pt plus 4.0pt minus 2.0pt
* \hoffset=0.0pt
* \voffset=0.0pt
* \mag=1000
* \@twocolumnfalse
* \@twosidetrue
* \@mparswitchtrue
* \@reversemarginfalse
* (1in=72.27pt=25.4mm, 1cm=28.453pt)

(/usr/share/texlive/texmf-dist/tex/context/base/supp-pdf.mkii
[Loading MPS to PDF converter (version 2006.09.02).]
\scratchcounter=\count162
\scratchdimen=\dimen263
\scratchbox=\box52
\nofMPsegments=\count163
\nofMParguments=\count164
\everyMPshowfont=\toks26
\MPscratchCnt=\count165
\MPscratchDim=\dimen264
\MPnumerator=\count166
\makeMPintoPDFobject=\count167
\everyMPtoPDFconversion=\toks27
) (/usr/share/texlive/texmf-dist/tex/latex/oberdiek/epstopdf-base.sty
Package: epstopdf-base 2010/02/09 v2.5 Base part for package epstopdf

(/usr/share/texlive/texmf-dist/tex/latex/oberdiek/grfext.sty
Package: grfext 2010/08/19 v1.1 Manage graphics extensions (HO)
)
Package grfext Info: Graphics extension search list:
(grfext)             [.png,.pdf,.jpg,.mps,.jpeg,.jbig2,.jb2,.PNG,.PDF,.JPG,.JPE
G,.JBIG2,.JB2,.eps]
(grfext)             \AppendGraphicsExtensions on input line 452.

(/usr/share/texlive/texmf-dist/tex/latex/latexconfig/epstopdf-sys.cfg
File: epstopdf-sys.cfg 2010/07/13 v1.3 Configuration of (r)epstopdf for TeX Liv
e
))
Package caption Info: Begin \AtBeginDocument code.
Package caption Info: hyperref package is loaded.
Package caption Info: wrapfig package is loaded.
Package caption Info: End \AtBeginDocument code.

ABD: EveryShipout initializing macros
\AtBeginShipoutBox=\box53
Package hyperref Info: Link coloring OFF on input line 31.

(/usr/share/texlive/texmf-dist/tex/latex/hyperref/nameref.sty
Package: nameref 2012/10/27 v2.43 Cross-referencing by name of section

(/usr/share/texlive/texmf-dist/tex/generic/oberdiek/gettitlestring.sty
Package: gettitlestring 2010/12/03 v1.4 Cleanup title references (HO)
)
\c@section@level=\count168
)
LaTeX Info: Redefining \ref on input line 31.
LaTeX Info: Redefining \pageref on input line 31.
LaTeX Info: Redefining \nameref on input line 31.

(./documentation.out) (./documentation.out)
\@outlinefile=\write4
\openout4 = `documentation.out'.

LaTeX Font Info:    External font `cmex10' loaded for size
(Font)              <12> on input line 37.
LaTeX Font Info:    External font `cmex10' loaded for size
(Font)              <8> on input line 37.
LaTeX Font Info:    External font `cmex10' loaded for size
(Font)              <6> on input line 37.
Missing character: There is no â in font cmr10!
Missing character: There is no € in font cmr10!
Missing character: There is no ™ in font cmr10!


LaTeX Warning: Citation `onlinecourse' on page 1 undefined on input line 56.

\pgf@layerbox@background=\box54
\pgf@layerboxsaved@background=\box55
\pgf@layerbox@foreground=\box56
\pgf@layerboxsaved@foreground=\box57
<figures/video.png, id=65, 3854.4pt x 2168.1pt>
File: figures/video.png Graphic file (type png)
 <use figures/video.png>
Package pdftex.def Info: figures/video.png used on input line 182.
(pdftex.def)             Requested size: 68.28383pt x 38.40877pt.

<figures/layout.png, id=66, 1927.2pt x 1084.05pt>
File: figures/layout.png Graphic file (type png)
 <use figures/layout.png>
Package pdftex.def Info: figures/layout.png used on input line 182.
(pdftex.def)             Requested size: 68.28383pt x 38.40877pt.
Missing character: There is no p in font nullfont!
Missing character: There is no a in font nullfont!
Missing character: There is no t in font nullfont!
Missing character: There is no h in font nullfont!
Missing character: There is no s in font nullfont!
\pgf@layerbox@background=\box58
\pgf@layerboxsaved@background=\box59
\pgf@layerbox@foreground=\box60
\pgf@layerboxsaved@foreground=\box61

Overfull \hbox (4.27351pt too wide) in paragraph at lines 211--211
[][][][]\OT1/cmr/m/n/9 1320  
 []


Overfull \hbox (3.17897pt too wide) in paragraph at lines 211--211
[][][][]\OT1/cmr/m/n/9 Speaker 
 []


Overfull \hbox (4.17899pt too wide) in paragraph at lines 211--211
\OT1/cmr/m/n/9 640x360  
 []


Overfull \hbox (8.80396pt too wide) in paragraph at lines 211--211
\OT1/cmr/m/n/9 1280x960  
 []

<figures/background_example.png, id=67, 1541.76pt x 867.24pt>
File: figures/background_example.png Graphic file (type png)

<use figures/background_example.png>
Package pdftex.def Info: figures/background_example.png used on input line 216.

(pdftex.def)             Requested size: 136.5746pt x 76.81757pt.

<figures/title_example.png, id=69, 1541.76pt x 867.24pt>
File: figures/title_example.png Graphic file (type png)

<use figures/title_example.png>
Package pdftex.def Info: figures/title_example.png used on input line 221.
(pdftex.def)             Requested size: 136.5746pt x 76.81757pt.
 [1

{/var/lib/texmf/fonts/map/pdftex/updmap/pdftex.map}]
LaTeX Font Info:    Try loading font information for OMS+cmr on input line 245.

 (/usr/share/texlive/texmf-dist/tex/latex/base/omscmr.fd
File: omscmr.fd 1999/05/25 v2.5h Standard LaTeX font definitions
)
LaTeX Font Info:    Font shape `OMS/cmr/m/n' in size <10> not available
(Font)              Font shape `OMS/cmsy/m/n' tried instead on input line 245.
Missing character: There is no Â in font cmr10!
Missing character: There is no ® in font cmr10!
Missing character: There is no â in font cmr10!
Missing character: There is no „ in font cmr10!
Missing character: There is no ¢ in font cmr10!
Missing character: There is no Ã in font cmr10!
Missing character: There is no — in font cmr10!

<figures/1_(1).png, id=89, 2360.82pt x 3276.24pt>
File: figures/1_(1).png Graphic file (type png)
 <use figures/1_(1).png>
Package pdftex.def Info: figures/1_(1).png used on input line 256.
(pdftex.def)             Requested size: 81.9406pt x 113.68028pt.

<figures/1_(2).jpg, id=90, 3276.24pt x 2457.18pt>
File: figures/1_(2).jpg Graphic file (type jpg)
 <use figures/1_(2).jpg>
Package pdftex.def Info: figures/1_(2).jpg used on input line 261.
(pdftex.def)             Requested size: 81.9406pt x 61.45184pt.

<figures/1_(3).png, id=91, 2457.18pt x 3276.24pt>
File: figures/1_(3).png Graphic file (type png)
 <use figures/1_(3).png>
Package pdftex.def Info: figures/1_(3).png used on input line 266.
(pdftex.def)             Requested size: 81.9406pt x 109.23106pt.

<figures/1_(2).png, id=92, 2457.18pt x 3276.24pt>
File: figures/1_(2).png Graphic file (type png)
 <use figures/1_(2).png>
Package pdftex.def Info: figures/1_(2).png used on input line 271.
(pdftex.def)             Requested size: 81.9406pt x 109.23106pt.

<figures/1_(4).png, id=93, 3276.24pt x 2457.18pt>
File: figures/1_(4).png Graphic file (type png)
 <use figures/1_(4).png>
Package pdftex.def Info: figures/1_(4).png used on input line 276.
(pdftex.def)             Requested size: 81.9406pt x 61.45184pt.
LaTeX Font Info:    External font `cmex10' loaded for size
(Font)              <7> on input line 293.
LaTeX Font Info:    External font `cmex10' loaded for size
(Font)              <5> on input line 293.

Overfull \hbox (7.40367pt too wide) in paragraph at lines 293--294
\OT1/cmr/m/n/10 doc-u-men-ta-tions. It seems to be for de-sign, film edit-ing, 
vi-su-al-iza-tion, etc. []$\OT1/cmtt/m/n/10 https : / / www . thefoundry .
 []

[2 <./figures/video.png (PNG copy)> <./figures/layout.png (PNG copy)> <./figure
s/background_example.png> <./figures/title_example.png>]
<figures/camera2.png, id=113, 1492.57625pt x 929.4725pt>
File: figures/camera2.png Graphic file (type png)

<use figures/camera2.png>
Package pdftex.def Info: figures/camera2.png used on input line 353.
(pdftex.def)             Requested size: 136.5746pt x 85.0388pt.

<figures/camera1.png, id=114, 2310.6325pt x 1445.4pt>
File: figures/camera1.png Graphic file (type png)

<use figures/camera1.png>
Package pdftex.def Info: figures/camera1.png used on input line 359.
(pdftex.def)             Requested size: 100.15425pt x 62.6362pt.

<figures/camera3.png, id=115, 1647.15375pt x 1027.84pt>
File: figures/camera3.png Graphic file (type png)

<use figures/camera3.png>
Package pdftex.def Info: figures/camera3.png used on input line 364.
(pdftex.def)             Requested size: 100.15425pt x 62.48328pt.

<figures/camera4.png, id=116, 2031.59pt x 1269.74374pt>
File: figures/camera4.png Graphic file (type png)

<use figures/camera4.png>
Package pdftex.def Info: figures/camera4.png used on input line 369.
(pdftex.def)             Requested size: 100.15425pt x 62.58029pt.

<figures/camera5.png, id=117, 2456.17625pt x 1535.7375pt>
File: figures/camera5.png Graphic file (type png)

<use figures/camera5.png>
Package pdftex.def Info: figures/camera5.png used on input line 374.
(pdftex.def)             Requested size: 100.15425pt x 62.61414pt.
 [3 <./figures/1_(1).png> <./figures/1_(2).jpg> <./figures/1_(3).png> <./figure
s/1_(2).png> <./figures/1_(4).png>]
<figures/bitrate1.png, id=137, 586.8324pt x 442.2924pt>
File: figures/bitrate1.png Graphic file (type png)

<use figures/bitrate1.png>
Package pdftex.def Info: figures/bitrate1.png used on input line 435.
(pdftex.def)             Requested size: 204.85844pt x 154.39972pt.

<figures/bitrate2.png, id=138, 586.8324pt x 442.2924pt>
File: figures/bitrate2.png Graphic file (type png)

<use figures/bitrate2.png>
Package pdftex.def Info: figures/bitrate2.png used on input line 440.
(pdftex.def)             Requested size: 204.85844pt x 154.39972pt.
 <figures/psnr.png, id=139, 586.8324pt x 442.2924pt>
File: figures/psnr.png Graphic file (type png)

<use figures/psnr.png>
Package pdftex.def Info: figures/psnr.png used on input line 446.
(pdftex.def)             Requested size: 204.85844pt x 154.39972pt.
Package atveryend Info: Empty hook `BeforeClearDocument' on input line 464.
 [4 <./figures/camera2.png> <./figures/camera1.png> <./figures/camera3.png> <./
figures/camera4.png> <./figures/camera5.png>] [5 <./figures/bitrate1.png> <./fi
gures/bitrate2.png> <./figures/psnr.png>]
Package atveryend Info: Empty hook `AfterLastShipout' on input line 464.

(./documentation.aux)
Package atveryend Info: Executing hook `AtVeryEndDocument' on input line 464.
Package atveryend Info: Executing hook `AtEndAfterFileList' on input line 464.
Package rerunfilecheck Info: File `documentation.out' has not changed.
(rerunfilecheck)             Checksum: C85B46247EC5C5414DEFC8CA3ADCC829;574.


LaTeX Warning: There were undefined references.


LaTeX Warning: There were multiply-defined labels.

Package atveryend Info: Empty hook `AtVeryVeryEnd' on input line 464.
 ) 
Here is how much of TeX's memory you used:
 22870 strings out of 493304
 442749 string characters out of 6139872
 523785 words of memory out of 5000000
 25872 multiletter control sequences out of 15000+600000
 9720 words of font info for 34 fonts, out of 8000000 for 9000
 957 hyphenation exceptions out of 8191
 56i,12n,99p,10534b,890s stack positions out of 5000i,500n,10000p,200000b,80000s
</usr/share/texlive/texmf-dist/fonts/type1/public/amsfonts/cm/cmbx10.pfb></us
r/share/texlive/texmf-dist/fonts/type1/public/amsfonts/cm/cmbx12.pfb></usr/shar
e/texlive/texmf-dist/fonts/type1/public/amsfonts/cm/cmbx9.pfb></usr/share/texli
ve/texmf-dist/fonts/type1/public/amsfonts/cm/cmmi10.pfb></usr/share/texlive/tex
mf-dist/fonts/type1/public/amsfonts/cm/cmr10.pfb></usr/share/texlive/texmf-dist
/fonts/type1/public/amsfonts/cm/cmr12.pfb></usr/share/texlive/texmf-dist/fonts/
type1/public/amsfonts/cm/cmr17.pfb></usr/share/texlive/texmf-dist/fonts/type1/p
ublic/amsfonts/cm/cmr9.pfb></usr/share/texlive/texmf-dist/fonts/type1/public/am
sfonts/cm/cmsy10.pfb></usr/share/texlive/texmf-dist/fonts/type1/public/amsfonts
/cm/cmsy7.pfb></usr/share/texlive/texmf-dist/fonts/type1/public/amsfonts/cm/cmt
t10.pfb></usr/share/texlive/texmf-dist/fonts/type1/urw/zapfding/uzdr.pfb>
Output written on documentation.pdf (5 pages, 60313681 bytes).
PDF statistics:
 202 PDF objects out of 1000 (max. 8388607)
 139 compressed objects within 2 object streams
 30 named destinations out of 1000 (max. 500000)
 274 words of extra memory for PDF output out of 10000 (max. 10000000)

